  main.cpp
d:\buss\snake_vs\snake_vs\main.cpp(34): warning C4244: "argument": konwersja z "int" do "T", możliwa utrata danych
          with
          [
              T=float
          ]
d:\buss\snake_vs\snake_vs\main.cpp(58): warning C4244: "argument": konwersja z "int" do "T", możliwa utrata danych
          with
          [
              T=float
          ]
d:\buss\snake_vs\snake_vs\main.cpp(67): warning C4244: "argument": konwersja z "int" do "float", możliwa utrata danych
d:\buss\snake_vs\snake_vs\main.cpp(72): warning C4244: "argument": konwersja z "int" do "float", możliwa utrata danych
d:\buss\snake_vs\snake_vs\main.cpp(208): warning C4244: "argument": konwersja z "time_t" do "unsigned int", możliwa utrata danych
d:\buss\snake_vs\snake_vs\main.cpp(210): warning C4244: "argument": konwersja z "time_t" do "unsigned int", możliwa utrata danych
d:\buss\snake_vs\snake_vs\main.cpp(311): warning C4305: "inicjowanie": obcięcie z "double" do "float"
d:\buss\snake_vs\snake_vs\main.cpp(462): warning C4018: "<": niezgodność typu ze znakiem/bez znaku
d:\buss\snake_vs\snake_vs\main.cpp(483): warning C4018: "<": niezgodność typu ze znakiem/bez znaku
d:\buss\snake_vs\snake_vs\main.cpp(485): warning C4018: "<": niezgodność typu ze znakiem/bez znaku
d:\buss\snake_vs\snake_vs\main.cpp(500): warning C4018: "<": niezgodność typu ze znakiem/bez znaku
d:\buss\snake_vs\snake_vs\main.cpp(513): warning C4018: "<": niezgodność typu ze znakiem/bez znaku
d:\buss\snake_vs\snake_vs\main.cpp(515): warning C4244: "argument": konwersja z "int" do "float", możliwa utrata danych
  Trwa generowanie kodu
  480 of 486 functions (98.8%) were compiled, the rest were copied from previous compilation.
    470 functions were new in current compilation
    0 functions had inline decision re-evaluated but remain unchanged
  Zakończono generowanie kodu
  Snake_VS.vcxproj -> D:\buss\Snake_VS\Release\Snake_VS.exe
